#
# A fatal error has been detected by the Java Runtime Environment:
#
#  Internal Error (javaClasses.cpp:136), pid=3188, tid=6820
#  fatal error: Invalid layout of preloaded class
#
# JRE version:  (7.0_51-b13) (build )
# Java VM: Java HotSpot(TM) 64-Bit Server VM (24.51-b03 mixed mode windows-amd64 compressed oops)
# Failed to write core dump. Minidumps are not enabled by default on client versions of Windows
#
# If you would like to submit a bug report, please visit:
#   http://bugreport.sun.com/bugreport/crash.jsp
#

---------------  T H R E A D  ---------------

Current thread (0x00000000021fe800):  JavaThread "Unknown thread" [_thread_in_vm, id=6820, stack(0x00000000025f0000,0x00000000026f0000)]

Stack: [0x00000000025f0000,0x00000000026f0000]

---------------  P R O C E S S  ---------------

Java Threads: ( => current thread )

Other Threads:

=>0x00000000021fe800 (exited) JavaThread "Unknown thread" [_thread_in_vm, id=6820, stack(0x00000000025f0000,0x00000000026f0000)]

VM state:not at safepoint (not fully initialized)

VM Mutex/Monitor currently owned by a thread: None

GC Heap History (0 events):
No events

Deoptimization events (0 events):
No events

Internal exceptions (0 events):
No events

Events (10 events):
Event: 0.007 loading class 0x000000000225f2f0 done
Event: 0.007 loading class 0x000000000225ed10 done
Event: 0.007 loading class 0x000000000225ecf0
Event: 0.007 loading class 0x0000000002266df0
Event: 0.007 loading class 0x0000000002266df0 done
Event: 0.007 loading class 0x0000000002266e20
Event: 0.007 loading class 0x0000000002266e20 done
Event: 0.007 loading class 0x0000000002266e50
Event: 0.007 loading class 0x0000000002266e50 done
Event: 0.007 loading class 0x000000000225ecf0 done


Dynamic libraries:
0x000000013f2e0000 - 0x000000013f313000 	D:\Program Files\Java\jre7\bin\javaw.exe
0x0000000077a70000 - 0x0000000077c19000 	C:\Windows\SYSTEM32\ntdll.dll
0x0000000077950000 - 0x0000000077a6f000 	C:\Windows\system32\kernel32.dll
0x000007fefd9b0000 - 0x000007fefda1b000 	C:\Windows\system32\KERNELBASE.dll
0x000007feff5f0000 - 0x000007feff6cb000 	C:\Windows\system32\ADVAPI32.dll
0x000007feff8a0000 - 0x000007feff93f000 	C:\Windows\system32\msvcrt.dll
0x000007fefe090000 - 0x000007fefe0af000 	C:\Windows\SYSTEM32\sechost.dll
0x000007fefe3c0000 - 0x000007fefe4ed000 	C:\Windows\system32\RPCRT4.dll
0x0000000077850000 - 0x000000007794a000 	C:\Windows\system32\USER32.dll
0x000007feff4d0000 - 0x000007feff537000 	C:\Windows\system32\GDI32.dll
0x000007feff5e0000 - 0x000007feff5ee000 	C:\Windows\system32\LPK.dll
0x000007fefe4f0000 - 0x000007fefe5b9000 	C:\Windows\system32\USP10.dll
0x000007fefc1f0000 - 0x000007fefc3e4000 	C:\Windows\WinSxS\amd64_microsoft.windows.common-controls_6595b64144ccf1df_6.0.7601.17514_none_fa396087175ac9ac\COMCTL32.dll
0x000007fefdc80000 - 0x000007fefdcf1000 	C:\Windows\system32\SHLWAPI.dll
0x000007fefde10000 - 0x000007fefde3e000 	C:\Windows\system32\IMM32.DLL
0x000007fefdd00000 - 0x000007fefde09000 	C:\Windows\system32\MSCTF.dll
0x00000000691f0000 - 0x00000000692c2000 	D:\Program Files\Java\jre7\bin\msvcr100.dll
0x0000000056e30000 - 0x00000000575f9000 	D:\Program Files\Java\jre7\bin\server\jvm.dll
0x000007fef8fc0000 - 0x000007fef8fc9000 	C:\Windows\system32\WSOCK32.dll
0x000007feff770000 - 0x000007feff7bd000 	C:\Windows\system32\WS2_32.dll
0x000007fefdea0000 - 0x000007fefdea8000 	C:\Windows\system32\NSI.dll
0x000007fefb090000 - 0x000007fefb0cb000 	C:\Windows\system32\WINMM.dll
0x0000000077c40000 - 0x0000000077c47000 	C:\Windows\system32\PSAPI.DLL
0x0000000069eb0000 - 0x0000000069ebf000 	D:\Program Files\Java\jre7\bin\verify.dll
0x0000000069d20000 - 0x0000000069d48000 	D:\Program Files\Java\jre7\bin\java.dll
0x0000000069d60000 - 0x0000000069d75000 	D:\Program Files\Java\jre7\bin\zip.dll

VM Arguments:
jvm_args: -Dfile.encoding=Cp1252 -Xbootclasspath:D:\Program Files\adt-bundle-windows-x86_64-20131030\sdk\platforms\android-19\android.jar;D:\Program Files\adt-bundle-windows-x86_64-20131030\sdk\add-ons\addon-google_apis-google-19\libs\effects.jar;D:\Program Files\adt-bundle-windows-x86_64-20131030\sdk\add-ons\addon-google_apis-google-19\libs\usb.jar;D:\Program Files\adt-bundle-windows-x86_64-20131030\sdk\add-ons\addon-google_apis-google-19\libs\maps.jar 
java_command: cmu.ece.BaihuQian.DFAUtil.Tester
Launcher Type: SUN_STANDARD

Environment Variables:
PATH=C:\Windows\system32;C:\Windows;C:\Windows\System32\Wbem;C:\Windows\System32\WindowsPowerShell\v1.0\;D:\Program Files\MATLAB\R2013a\runtime\win64;D:\Program Files\MATLAB\R2013a\bin;C:\Program Files\Microsoft\Web Platform Installer\;C:\Program Files (x86)\Microsoft ASP.NET\ASP.NET Web Pages\v1.0\;C:\Program Files\Microsoft SQL Server\110\Tools\Binn\;C:\Program Files\Microsoft Windows Performance Toolkit\;D:\Program Files\MiKTeX 2.9\miktex\bin\x64\;C:\Program Files\OpenAFS\Common;C:\Program Files\OpenAFS\Client\Program;C:\Program Files (x86)\Google\Chrome\Application;C:\Windows\system32;C:\Windows;C:\Windows\System32\Wbem;C:\Windows\System32\WindowsPowerShell\v1.0\;D:\Program Files\MATLAB\R2013a\runtime\win64;D:\Program Files\MATLAB\R2013a\bin;C:\Program Files\Microsoft\Web Platform Installer\;C:\Program Files (x86)\Microsoft ASP.NET\ASP.NET Web Pages\v1.0\;C:\Program Files\Microsoft SQL Server\110\Tools\Binn\;C:\Program Files\Microsoft Windows Performance Toolkit\;D:\Program Files\MiKTeX 2.9\miktex\bin\x64\;C:\Program Files\OpenAFS\Common;C:\Program Files\OpenAFS\Client\Program
USERNAME=bqian
OS=Windows_NT
PROCESSOR_IDENTIFIER=Intel64 Family 6 Model 23 Stepping 10, GenuineIntel



---------------  S Y S T E M  ---------------

OS: Windows 7 , 64 bit Build 7601 Service Pack 1

CPU:total 2 (2 cores per cpu, 1 threads per core) family 6 model 23 stepping 10, cmov, cx8, fxsr, mmx, sse, sse2, sse3, ssse3, sse4.1, tsc

Memory: 4k page, physical 4060768k(1165284k free), swap 8119672k(2770580k free)

vm_info: Java HotSpot(TM) 64-Bit Server VM (24.51-b03) for windows-amd64 JRE (1.7.0_51-b13), built on Dec 18 2013 18:40:56 by "java_re" with unknown MS VC++:1600

time: Sun May 11 22:37:22 2014
elapsed time: 0 seconds

